Router (Router)::init :: 92	/
Router (Router)::routeV1 :: 275	arg `bundleidentifier` not set
Router (Router)::routeV1 :: 276	arg `type` not set
AppUpdater (AppUpdater)::getApplicationVersions :: 301	arg `lang` not set
AppUpdater (AppUpdater)::getApplicationVersions :: 301	arg `lang` not set
AppUpdater (AppUpdater)::getApplicationVersions :: 301	arg `lang` not set
Router (Router)::init :: 92	/favicon.ico
Router (Router)::routeV1 :: 275	arg `bundleidentifier` not set
Router (Router)::routeV1 :: 276	arg `type` not set
AppUpdater (AppUpdater)::getApplicationVersions :: 301	arg `lang` not set
AppUpdater (AppUpdater)::getApplicationVersions :: 301	arg `lang` not set
AppUpdater (AppUpdater)::getApplicationVersions :: 301	arg `lang` not set
Router (Router)::init :: 92	/
Router (Router)::routeV1 :: 275	arg `bundleidentifier` not set
Router (Router)::routeV1 :: 276	arg `type` not set
AppUpdater (AppUpdater)::getApplicationVersions :: 301	arg `lang` not set
AppUpdater (AppUpdater)::getApplicationVersions :: 301	arg `lang` not set
AppUpdater (AppUpdater)::checkProtectedVersion :: 286	arg `udid` not set
AppUpdater (AppUpdater)::getApplicationVersions :: 301	arg `lang` not set
AppUpdater (AppUpdater)::getApplicationVersions :: 301	arg `lang` not set
AppUpdater (AppUpdater)::getApplicationVersions :: 301	arg `lang` not set
AppUpdater (AppUpdater)::getApplicationVersions :: 301	arg `lang` not set
Router (Router)::init :: 92	/favicon.ico
Router (Router)::routeV1 :: 275	arg `bundleidentifier` not set
Router (Router)::routeV1 :: 276	arg `type` not set
AppUpdater (AppUpdater)::getApplicationVersions :: 301	arg `lang` not set
AppUpdater (AppUpdater)::getApplicationVersions :: 301	arg `lang` not set
AppUpdater (AppUpdater)::checkProtectedVersion :: 286	arg `udid` not set
AppUpdater (AppUpdater)::getApplicationVersions :: 301	arg `lang` not set
AppUpdater (AppUpdater)::getApplicationVersions :: 301	arg `lang` not set
AppUpdater (AppUpdater)::getApplicationVersions :: 301	arg `lang` not set
AppUpdater (AppUpdater)::getApplicationVersions :: 301	arg `lang` not set
Router (Router)::init :: 92	/
Router (Router)::routeV1 :: 275	arg `bundleidentifier` not set
Router (Router)::routeV1 :: 276	arg `type` not set
AppUpdater (AppUpdater)::getApplicationVersions :: 301	arg `lang` not set
AppUpdater (AppUpdater)::getApplicationVersions :: 301	arg `lang` not set
AppUpdater (AppUpdater)::checkProtectedVersion :: 286	arg `udid` not set
AppUpdater (AppUpdater)::getApplicationVersions :: 301	arg `lang` not set
AppUpdater (AppUpdater)::getApplicationVersions :: 301	arg `lang` not set
AppUpdater (AppUpdater)::getApplicationVersions :: 301	arg `lang` not set
AppUpdater (AppUpdater)::getApplicationVersions :: 301	arg `lang` not set
Router (Router)::init :: 92	/favicon.ico
Router (Router)::routeV1 :: 275	arg `bundleidentifier` not set
Router (Router)::routeV1 :: 276	arg `type` not set
AppUpdater (AppUpdater)::getApplicationVersions :: 301	arg `lang` not set
AppUpdater (AppUpdater)::getApplicationVersions :: 301	arg `lang` not set
AppUpdater (AppUpdater)::checkProtectedVersion :: 286	arg `udid` not set
AppUpdater (AppUpdater)::getApplicationVersions :: 301	arg `lang` not set
AppUpdater (AppUpdater)::getApplicationVersions :: 301	arg `lang` not set
AppUpdater (AppUpdater)::getApplicationVersions :: 301	arg `lang` not set
AppUpdater (AppUpdater)::getApplicationVersions :: 301	arg `lang` not set
